<?xml version="1.0" encoding="UTF-8"?>
<!-- Generated by org.testng.reporters.JUnitXMLReporter -->
<testsuite hostname="DESKTOP-PGLU7EP" name="Test" tests="4" failures="0" timestamp="17 May 2020 14:38:54 GMT" time="0.032" errors="0">
  <testcase name="ElementsUI" time="0.013" classname="qaclickacademy.SeleniumTest"/>
  <testcase name="General" time="0.0" classname="qaclickacademy.SeleniumTest"/>
  <testcase name="APILogin" time="0.0" classname="qaclickacademy.RestAPITest"/>
  <testcase name="DataSheet" time="0.001" classname="qaclickacademy.RestAPITest"/>
</testsuite> <!-- Test -->
